Removed Pin From Net: NetName=+12 Pin=C9-1
Removed Pin From Net: NetName=MANUALIN Pin=C9-2
Removed Pin From Net: NetName=+12 Pin=C10-1
Removed Pin From Net: NetName=BUZZERIN Pin=C10-2
Removed Pin From Net: NetName=+12 Pin=C11-1
Removed Pin From Net: NetName=MCONTACTIN Pin=C11-2
Removed Pin From Net: NetName=+12 Pin=C12-1
Removed Pin From Net: NetName=PREHEATERIN Pin=C12-2
Removed Pin From Net: NetName=+12 Pin=C13-1
Removed Pin From Net: NetName=GCONTACTIN Pin=C13-2
Removed Pin From Net: NetName=+12 Pin=C14-1
Removed Pin From Net: NetName=CRANKIN Pin=C14-2
Removed Pin From Net: NetName=+12 Pin=C15-1
Removed Pin From Net: NetName=DGSTOPIN Pin=C15-2
Removed Pin From Net: NetName=+12 Pin=C16-1
Removed Pin From Net: NetName=FLSTARTIN Pin=C16-2
Removed Pin From Net: NetName=+12 Pin=R117-1
Removed Pin From Net: NetName=BUZZERIN Pin=R117-2
Removed Pin From Net: NetName=+12 Pin=R118-1
Removed Pin From Net: NetName=MANUALIN Pin=R118-2
Removed Pin From Net: NetName=+12 Pin=R119-1
Removed Pin From Net: NetName=MCONTACTIN Pin=R119-2
Removed Pin From Net: NetName=+12 Pin=R120-1
Removed Pin From Net: NetName=CRANKIN Pin=R120-2
Removed Pin From Net: NetName=+12 Pin=R121-1
Removed Pin From Net: NetName=GCONTACTIN Pin=R121-2
Removed Pin From Net: NetName=+12 Pin=R122-1
Removed Pin From Net: NetName=PREHEATERIN Pin=R122-2
Removed Pin From Net: NetName=+12 Pin=R123-1
Removed Pin From Net: NetName=FLSTARTIN Pin=R123-2
Removed Pin From Net: NetName=+12 Pin=R124-1
Removed Pin From Net: NetName=DGSTOPIN Pin=R124-2
Removed Member From Class: ClassName=RELAYS Member=C9
Removed Member From Class: ClassName=RELAYS Member=C10
Removed Member From Class: ClassName=RELAYS Member=C11
Removed Member From Class: ClassName=RELAYS Member=C12
Removed Member From Class: ClassName=RELAYS Member=C13
Removed Member From Class: ClassName=RELAYS Member=C14
Removed Member From Class: ClassName=RELAYS Member=C15
Removed Member From Class: ClassName=RELAYS Member=C16
Removed Member From Class: ClassName=RELAYS Member=R117
Removed Member From Class: ClassName=RELAYS Member=R118
Removed Member From Class: ClassName=RELAYS Member=R119
Removed Member From Class: ClassName=RELAYS Member=R120
Removed Member From Class: ClassName=RELAYS Member=R121
Removed Member From Class: ClassName=RELAYS Member=R122
Removed Member From Class: ClassName=RELAYS Member=R123
Removed Member From Class: ClassName=RELAYS Member=R124
