Added Pin To Net: NetName=EB-B_ Pin=U1-1
Added Pin To Net: NetName=EB-Y_ Pin=U1-2
Added Pin To Net: NetName=COMM Pin=U1-3
Added Pin To Net: NetName=EB-R_ Pin=U1-4
Added Pin To Net: NetName=DG-B_ Pin=U1-5
Added Pin To Net: NetName=GND Pin=U1-6
Added Pin To Net: NetName=GND Pin=U1-7
Added Pin To Net: NetName=GND Pin=U1-8
Added Pin To Net: NetName=S2 Pin=U1-9
Added Pin To Net: NetName=S1 Pin=U1-10
Added Pin To Net: NetName=S0 Pin=U1-11
Added Pin To Net: NetName=DG-Y_ Pin=U1-12
Added Pin To Net: NetName=DG-R_ Pin=U1-13
Added Pin To Net: NetName=FLT1 Pin=U1-14
Added Pin To Net: NetName=HT Pin=U1-15
Added Pin To Net: NetName=VCC Pin=U1-16
Added Pin To Net: NetName=BAT Pin=U2-1
Added Pin To Net: NetName=BTSBATT Pin=U2-2
Added Pin To Net: NetName=S3 Pin=U2-3
Added Pin To Net: NetName=FLDIR Pin=U2-4
Added Pin To Net: NetName=FLG Pin=U2-5
Added Pin To Net: NetName=GND Pin=U2-6
Added Pin To Net: NetName=GND Pin=U2-7
Added Pin To Net: NetName=GND Pin=U2-8
Added Pin To Net: NetName=S2 Pin=U2-9
Added Pin To Net: NetName=S1 Pin=U2-10
Added Pin To Net: NetName=S0 Pin=U2-11
Added Pin To Net: NetName=EMSTP Pin=U2-12
Added Pin To Net: NetName=RSTART Pin=U2-13
Added Pin To Net: NetName=LLOP Pin=U2-14
Added Pin To Net: NetName=REMOT Pin=U2-15
Added Pin To Net: NetName=VCC Pin=U2-16
