Removed Pin From Net: NetName=OILTEMP Pin=P7-1
Removed Pin From Net: NetName=WATERTEMP Pin=P7-2
Removed Pin From Net: NetName=LLOP Pin=P7-3
Removed Pin From Net: NetName=EMSTP Pin=P7-4
Removed Pin From Net: NetName=WTANIN Pin=P7-5
Removed Pin From Net: NetName=LOPIN Pin=P7-6
Removed Pin From Net: NetName=FLIN Pin=P7-7
Removed Pin From Net: NetName=CONT_S_IN Pin=P7-8
Removed Pin From Net: NetName=BTS-_R Pin=P7-9
Removed Pin From Net: NetName=BTS+_R Pin=P7-10
Removed Pin From Net: NetName=FLGIN Pin=P7-11
Removed Pin From Net: NetName=R1IN Pin=P7-12
Removed Pin From Net: NetName=TIOUT Pin=P7-13
Added Pin To Net: NetName=TIOUT Pin=P7-2
Added Pin To Net: NetName=R1IN Pin=P7-3
Added Pin To Net: NetName=FLGIN Pin=P7-4
Added Pin To Net: NetName=BTS+_R Pin=P7-5
Added Pin To Net: NetName=BTS-_R Pin=P7-6
Added Pin To Net: NetName=CONT_S_IN Pin=P7-7
Added Pin To Net: NetName=FLIN Pin=P7-8
Added Pin To Net: NetName=LOPIN Pin=P7-9
Added Pin To Net: NetName=WTANIN Pin=P7-10
Added Pin To Net: NetName=EMSTP Pin=P7-11
Added Pin To Net: NetName=LLOP Pin=P7-12
Added Pin To Net: NetName=WATERTEMP Pin=P7-13
Added Pin To Net: NetName=OILTEMP Pin=P7-14
