Removed Pin From Net: NetName=GND Pin=P14PANEL-1
Removed Pin From Net: NetName=BAT+ Pin=P14PANEL-2
Removed Pin From Net: NetName=N Pin=P14PANEL-4
Removed Pin From Net: NetName=R_M Pin=P14PANEL-6
Removed Pin From Net: NetName=Y_M Pin=P14PANEL-8
Removed Pin From Net: NetName=B_M Pin=P14PANEL-10
Removed Pin From Net: NetName=DGN Pin=P14PANEL-12
Removed Pin From Net: NetName=DGR_M Pin=P14PANEL-14
Removed Pin From Net: NetName=DGB Pin=P14PANEL-16
Removed Pin From Net: NetName=DGY Pin=P14PANEL-18
Added Pin To Net: NetName=DGY Pin=P14PANEL-1
Added Pin To Net: NetName=DGB Pin=P14PANEL-3
Added Pin To Net: NetName=DGR_M Pin=P14PANEL-5
Added Pin To Net: NetName=DGN Pin=P14PANEL-7
Added Pin To Net: NetName=B_M Pin=P14PANEL-9
Added Pin To Net: NetName=Y_M Pin=P14PANEL-11
Added Pin To Net: NetName=R_M Pin=P14PANEL-13
Added Pin To Net: NetName=N Pin=P14PANEL-15
Added Pin To Net: NetName=BAT+ Pin=P14PANEL-17
Added Pin To Net: NetName=GND Pin=P14PANEL-18
