Removed Pin From Net: NetName=RL_GC Pin=U10-1
Removed Pin From Net: NetName=RL_MC Pin=U10-2
Removed Pin From Net: NetName=RL_MANUAL Pin=U10-3
Removed Pin From Net: NetName=RL_SOL Pin=U10-4
Removed Pin From Net: NetName=RL_7 Pin=U10-5
Removed Pin From Net: NetName=RL_BUZZER Pin=U10-6
Removed Pin From Net: NetName=RL_6 Pin=U10-7
Removed Pin From Net: NetName=RL_START Pin=U10-8
Removed Pin From Net: NetName=GND Pin=U10-9
Removed Pin From Net: NetName=+12 Pin=U10-10
Removed Pin From Net: NetName=RO_START Pin=U10-11
Removed Pin From Net: NetName=RO_BUZZER Pin=U10-13
Removed Pin From Net: NetName=RO_SOL Pin=U10-15
Removed Pin From Net: NetName=RO_GC Pin=U10-17
Removed Pin From Net: NetName=RO_MC Pin=U10-18
Added Component: Designator=U1(DIP16)
Add component. Clean all parameters for all variants
Add component (AddParameter): Name = "ComponentLink1Description"; Value = "Manufacturer Link"; VariantName = "[No Variations]"
Add component (AddParameter): Name = "ComponentLink1URL"; Value = "http://www.st.com/"; VariantName = "[No Variations]"
Add component (AddParameter): Name = "ComponentLink2Description"; Value = "Datasheet"; VariantName = "[No Variations]"
Add component (AddParameter): Name = "ComponentLink2URL"; Value = "http://www.st.com/stonline/products/literature/ds/5279/uln2001.pdf"; VariantName = "[No Variations]"
Add component (AddParameter): Name = "DatasheetVersion"; Value = "Sep-1998"; VariantName = "[No Variations]"
Add component (AddParameter): Name = "LatestRevisionDate"; Value = "06-Jun-2005"; VariantName = "[No Variations]"
Add component (AddParameter): Name = "LatestRevisionNote"; Value = "Stylized 3D Model Added."; VariantName = "[No Variations]"
Add component (AddParameter): Name = "PackageDescription"; Value = "DIP; 16 Leads; Row Spacing 7.62 mm; Pitch 2.54 mm"; VariantName = "[No Variations]"
Add component (AddParameter): Name = "PackageReference"; Value = "DIP16"; VariantName = "[No Variations]"
Add component (AddParameter): Name = "PackageVersion"; Value = "Apr-1996"; VariantName = "[No Variations]"
Add component (AddParameter): Name = "Published"; Value = "8-Jun-2000"; VariantName = "[No Variations]"
Add component (AddParameter): Name = "Publisher"; Value = "Altium Limited"; VariantName = "[No Variations]"
