Removed Pin From Net: NetName=OILTEMP Pin=P8-1
Removed Pin From Net: NetName=WATERTEMP Pin=P8-2
Removed Pin From Net: NetName=LLOP Pin=P8-3
Removed Pin From Net: NetName=EMSTP Pin=P8-4
Removed Pin From Net: NetName=WTANIN Pin=P8-5
Removed Pin From Net: NetName=LOPIN Pin=P8-6
Removed Pin From Net: NetName=FLIN Pin=P8-7
Removed Pin From Net: NetName=DGB Pin=P8-9
Removed Pin From Net: NetName=DGY Pin=P8-10
Removed Pin From Net: NetName=DGR Pin=P8-11
Removed Pin From Net: NetName=N Pin=P8-12
Removed Pin From Net: NetName=B Pin=P8-13
Removed Pin From Net: NetName=Y Pin=P8-14
Removed Pin From Net: NetName=R Pin=P8-15
Added Pin To Net: NetName=R Pin=P8-1
Added Pin To Net: NetName=Y Pin=P8-2
Added Pin To Net: NetName=B Pin=P8-3
Added Pin To Net: NetName=N Pin=P8-4
Added Pin To Net: NetName=DGR Pin=P8-5
Added Pin To Net: NetName=DGY Pin=P8-6
Added Pin To Net: NetName=DGB Pin=P8-7
Added Pin To Net: NetName=FLIN Pin=P8-9
Added Pin To Net: NetName=LOPIN Pin=P8-10
Added Pin To Net: NetName=WTANIN Pin=P8-11
Added Pin To Net: NetName=EMSTP Pin=P8-12
Added Pin To Net: NetName=LLOP Pin=P8-13
Added Pin To Net: NetName=WATERTEMP Pin=P8-14
Added Pin To Net: NetName=OILTEMP Pin=P8-15
