Removed Pin From Net: NetName=GND Pin=D3-1
Removed Pin From Net: NetName=TIOUT Pin=D3-2
Removed Pin From Net: NetName=GND Pin=D4-1
Removed Pin From Net: NetName=R1IN Pin=D4-2
Removed Pin From Net: NetName=VCC Pin=Q1-3
Removed Pin From Net: NetName=RC6 Pin=R25-1
Removed Pin From Net: NetName=TIOUT Pin=R27-2
Removed Pin From Net: NetName=GND Pin=R28-1
Removed Pin From Net: NetName=R1IN Pin=R29-1
Removed Pin From Net: NetName=RC7 Pin=R30-1
Removed Pin From Net: NetName=GND Pin=R30-2
Removed Pin From Net: NetName=TIOUT Pin=R33-2
Removed Pin From Net: NetName=GND Pin=U1-2
Removed Pin From Net: NetName=VCC Pin=U1-4
Removed Pin From Net: NetName=GND Pin=U4-2
Removed Pin From Net: NetName=RC7 Pin=U4-3
Removed Pin From Net: NetName=VCC Pin=U4-4
Removed Member From Class: ClassName=PROCESSORv35 Member=D3
Removed Member From Class: ClassName=PROCESSORv35 Member=D4
Removed Member From Class: ClassName=PROCESSORv35 Member=Q1
Removed Member From Class: ClassName=PROCESSORv35 Member=R25
Removed Member From Class: ClassName=PROCESSORv35 Member=R26
Removed Member From Class: ClassName=PROCESSORv35 Member=R27
Removed Member From Class: ClassName=PROCESSORv35 Member=R28
Removed Member From Class: ClassName=PROCESSORv35 Member=R29
Removed Member From Class: ClassName=PROCESSORv35 Member=R30
Removed Member From Class: ClassName=PROCESSORv35 Member=R33
Removed Member From Class: ClassName=PROCESSORv35 Member=U1
Removed Member From Class: ClassName=PROCESSORv35 Member=U4
