Added Component: Designator=BT1(CELL_HOLDER)
Added Component: Designator=C1(C1206_W)
Added Component: Designator=C2(C1206_W)
Added Component: Designator=C3(C1206_W)
Added Component: Designator=C4(C1206_W)
Added Component: Designator=C10(C1206_W)
Added Component: Designator=C11(C1206_W)
Added Component: Designator=C12(C1206_W)
Added Component: Designator=C13(C1206_W)
Added Component: Designator=C14(C1206_W)
Added Component: Designator=C15(C1206_W)
Added Component: Designator=C20(C1206_W)
Added Component: Designator=C46(C1206_W)
Added Component: Designator=C57(C1206_W)
Added Component: Designator=C68(Cap_.1)
Added Component: Designator=C69(C1206_W)
Added Component: Designator=D1(LED SMD)
Added Component: Designator=D2(4148SMD)
Added Component: Designator=D3(4148SMD)
Added Component: Designator=D4(4148SMD)
Added Component: Designator=D5(4148SMD)
Added Component: Designator=D6(4148SMD)
Added Component: Designator=D7(4148SMD)
Added Component: Designator=P1(HDR2X5)
Added Component: Designator=Q1(SOT23_M)
Added Component: Designator=Q2(SOT23_M)
Added Component: Designator=Q3(SOT23_M)
Added Component: Designator=Q4(SOT23_M)
Added Component: Designator=Q5(SOT23_M)
Added Component: Designator=Q6(SOT23_M)
Added Component: Designator=R1(R1206_W)
Added Component: Designator=R2(R1206VW)
Added Component: Designator=R3(R1206_W)
Added Component: Designator=R4(R1206_W)
Added Component: Designator=R5(R1206_W)
Added Component: Designator=R6(R1206_W)
Added Component: Designator=R7(R1206VW)
Added Component: Designator=R8(R1206_W)
Added Component: Designator=R9(R1206VW)
Added Component: Designator=R10(R1206_W)
Added Component: Designator=R11(R1206VW)
Added Component: Designator=R12(R1206VW)
Added Component: Designator=R13(R1206_W)
Added Component: Designator=R14(R1206VW)
Added Component: Designator=R15(R1206VW)
Added Component: Designator=R16(R1206_W)
Added Component: Designator=R17(R1206VW)
Added Component: Designator=R18(R1206VW)
Added Component: Designator=R19(R1206_W)
Added Component: Designator=R20(R1206VW)
Added Component: Designator=R21(R1206_W)
Added Component: Designator=R22(R1206VW)
Added Component: Designator=R23(R1206VW)
Added Component: Designator=R24(R1206_W)
Added Component: Designator=R31(R1206_W)
Added Component: Designator=R32(R1206_W)
Added Component: Designator=R53(R1206_W)
Added Component: Designator=R62(R1206_W)
Added Component: Designator=R64(R1206_W)
Added Component: Designator=R76(R1206_W)
Added Component: Designator=R107(R1206_W)
Added Component: Designator=R108(R1206_W)
Added Component: Designator=R118(R1206_W)
Added Component: Designator=R119(R1206_W)
Added Component: Designator=U1(LQFP64_L)
Added Component: Designator=U3(SOIC14_M)
Added Component: Designator=U9(DIP-8)
Added Component: Designator=Y1(XTAL)
Added Component: Designator=Y2(XTALWATCH)
Added Pin To Net: NetName=NetBT1_1 Pin=BT1-1
Added Pin To Net: NetName=GND Pin=BT1-2
Added Pin To Net: NetName=GND Pin=C1-1
Added Pin To Net: NetName=RESET Pin=C1-2
Added Pin To Net: NetName=GND Pin=C2-1
Added Pin To Net: NetName=NetC2_2 Pin=C2-2
Added Pin To Net: NetName=GND Pin=C3-1
Added Pin To Net: NetName=NetC3_2 Pin=C3-2
Added Pin To Net: NetName=GND Pin=C4-1
Added Pin To Net: NetName=VCC Pin=C4-2
Added Pin To Net: NetName=GND Pin=C10-1
Added Pin To Net: NetName=VCC Pin=C10-2
Added Pin To Net: NetName=GND Pin=C11-1
Added Pin To Net: NetName=VCC Pin=C11-2
Added Pin To Net: NetName=GND Pin=C12-1
Added Pin To Net: NetName=VCC Pin=C12-2
Added Pin To Net: NetName=BTSBATT Pin=C13-1
Added Pin To Net: NetName=GND Pin=C13-2
Added Pin To Net: NetName=GND Pin=C14-1
Added Pin To Net: NetName=VCC Pin=C14-2
Added Pin To Net: NetName=FLG Pin=C15-1
Added Pin To Net: NetName=GND Pin=C15-2
Added Pin To Net: NetName=GND Pin=C20-1
Added Pin To Net: NetName=VCC Pin=C20-2
Added Pin To Net: NetName=GND Pin=C46-1
Added Pin To Net: NetName=VCC Pin=C46-2
Added Pin To Net: NetName=FLDIR Pin=C57-1
Added Pin To Net: NetName=GND Pin=C57-2
Added Pin To Net: NetName=VCC Pin=C68-1
Added Pin To Net: NetName=GND Pin=C68-2
Added Pin To Net: NetName=GND Pin=C69-1
Added Pin To Net: NetName=VCC Pin=C69-2
Added Pin To Net: NetName=VCC Pin=D1-1
Added Pin To Net: NetName=NetD1_2 Pin=D1-2
Added Pin To Net: NetName=FLT1IN Pin=D2-2
Added Pin To Net: NetName=FLDIRIN Pin=D3-2
Added Pin To Net: NetName=REMOTIN Pin=D4-2
Added Pin To Net: NetName=HTIN Pin=D5-2
Added Pin To Net: NetName=LLOPIN Pin=D6-2
Added Pin To Net: NetName=EMSTPIN Pin=D7-2
Added Pin To Net: NetName=VCC Pin=P1-1
Added Pin To Net: NetName=GND Pin=P1-3
Added Pin To Net: NetName=GND Pin=P1-5
Added Pin To Net: NetName=RESET Pin=P1-10
Added Pin To Net: NetName=VCC Pin=Q1-2
Added Pin To Net: NetName=VCC Pin=Q2-2
Added Pin To Net: NetName=VCC Pin=Q3-2
Added Pin To Net: NetName=VCC Pin=Q4-2
Added Pin To Net: NetName=VCC Pin=Q5-2
Added Pin To Net: NetName=VCC Pin=Q6-2
Added Pin To Net: NetName=NetC2_2 Pin=R1-1
Added Pin To Net: NetName=NetC3_2 Pin=R1-2
Added Pin To Net: NetName=NetD1_2 Pin=R3-1
Added Pin To Net: NetName=LED Pin=R3-2
Added Pin To Net: NetName=NetR4_1 Pin=R4-1
Added Pin To Net: NetName=NetR4_2 Pin=R4-2
Added Pin To Net: NetName=VCC Pin=R5-1
Added Pin To Net: NetName=FLDIRIN Pin=R5-2
Added Pin To Net: NetName=NetR4_2 Pin=R6-1
Added Pin To Net: NetName=GND Pin=R6-2
Added Pin To Net: NetName=NetR8_1 Pin=R8-1
Added Pin To Net: NetName=NetR8_2 Pin=R8-2
Added Pin To Net: NetName=BTS-_R Pin=R10-1
Added Pin To Net: NetName=NetR8_1 Pin=R10-2
Added Pin To Net: NetName=GND Pin=R11-1
Added Pin To Net: NetName=GND Pin=R12-1
Added Pin To Net: NetName=GND Pin=R13-1
Added Pin To Net: NetName=BTS-_R Pin=R13-2
Added Pin To Net: NetName=GND Pin=R14-1
Added Pin To Net: NetName=NetR16_1 Pin=R16-1
Added Pin To Net: NetName=NetR16_2 Pin=R16-2
Added Pin To Net: NetName=GND Pin=R17-1
Added Pin To Net: NetName=GND Pin=R19-1
Added Pin To Net: NetName=NetR16_1 Pin=R19-2
Added Pin To Net: NetName=GND Pin=R20-1
Added Pin To Net: NetName=NetR21_1 Pin=R21-1
Added Pin To Net: NetName=FLGIN Pin=R21-2
Added Pin To Net: NetName=GND Pin=R23-1
Added Pin To Net: NetName=FLDIRIN Pin=R24-1
Added Pin To Net: NetName=NetR24_2 Pin=R24-2
Added Pin To Net: NetName=VCC Pin=R31-1
Added Pin To Net: NetName=SCL Pin=R31-2
Added Pin To Net: NetName=VCC Pin=R32-1
Added Pin To Net: NetName=SDA Pin=R32-2
Added Pin To Net: NetName=FLDIR Pin=R53-1
Added Pin To Net: NetName=NetR4_1 Pin=R53-2
Added Pin To Net: NetName=BTS+_R Pin=R62-1
Added Pin To Net: NetName=NetR62_2 Pin=R62-2
Added Pin To Net: NetName=GND Pin=R64-1
Added Pin To Net: NetName=NetR62_2 Pin=R64-2
Added Pin To Net: NetName=VCC Pin=R76-1
Added Pin To Net: NetName=RESET Pin=R76-2
Added Pin To Net: NetName=NetR21_1 Pin=R107-1
Added Pin To Net: NetName=GND Pin=R107-2
Added Pin To Net: NetName=GND Pin=R108-1
Added Pin To Net: NetName=BTS+_R Pin=R108-2
Added Pin To Net: NetName=NetR8_2 Pin=R118-1
Added Pin To Net: NetName=BTSBATT Pin=R118-2
Added Pin To Net: NetName=NetR16_2 Pin=R119-1
Added Pin To Net: NetName=FLG Pin=R119-2
Added Pin To Net: NetName=DGSTOP Pin=U1-3
Added Pin To Net: NetName=MCONTACT Pin=U1-4
Added Pin To Net: NetName=GCONTACT Pin=U1-6
Added Pin To Net: NetName=VCC Pin=U1-7
Added Pin To Net: NetName=VCC Pin=U1-8
Added Pin To Net: NetName=GND Pin=U1-9
Added Pin To Net: NetName=GND Pin=U1-10
Added Pin To Net: NetName=NetC3_2 Pin=U1-11
Added Pin To Net: NetName=NetC2_2 Pin=U1-12
Added Pin To Net: NetName=GND Pin=U1-13
Added Pin To Net: NetName=BUZZER Pin=U1-14
Added Pin To Net: NetName=PREHEATER Pin=U1-15
Added Pin To Net: NetName=LCD_RS# Pin=U1-17
Added Pin To Net: NetName=FREQ Pin=U1-19
Added Pin To Net: NetName=FLDIR Pin=U1-20
Added Pin To Net: NetName=FLG Pin=U1-21
Added Pin To Net: NetName=AUTO Pin=U1-22
Added Pin To Net: NetName=UP Pin=U1-23
Added Pin To Net: NetName=DOWN Pin=U1-24
Added Pin To Net: NetName=EMSTP Pin=U1-25
Added Pin To Net: NetName=CONT_SENSE Pin=U1-26
Added Pin To Net: NetName=FLT1 Pin=U1-27
Added Pin To Net: NetName=HT Pin=U1-28
Added Pin To Net: NetName=RSTART Pin=U1-29
Added Pin To Net: NetName=LLOP Pin=U1-30
Added Pin To Net: NetName=BTSBATT Pin=U1-31
Added Pin To Net: NetName=BAT Pin=U1-32
Added Pin To Net: NetName=EB-B_ Pin=U1-33
Added Pin To Net: NetName=EB-Y_ Pin=U1-34
Added Pin To Net: NetName=REMOT Pin=U1-36
Added Pin To Net: NetName=EB-R_ Pin=U1-37
Added Pin To Net: NetName=DG-B_ Pin=U1-38
Added Pin To Net: NetName=LCD_E# Pin=U1-39
Added Pin To Net: NetName=GND Pin=U1-40
Added Pin To Net: NetName=VCC Pin=U1-41
Added Pin To Net: NetName=FAULTIND Pin=U1-42
Added Pin To Net: NetName=LED Pin=U1-43
Added Pin To Net: NetName=MENU Pin=U1-44
Added Pin To Net: NetName=SCL Pin=U1-47
Added Pin To Net: NetName=SDA Pin=U1-48
Added Pin To Net: NetName=DG-Y_ Pin=U1-49
Added Pin To Net: NetName=DG-R_ Pin=U1-50
Added Pin To Net: NetName=TX Pin=U1-51
Added Pin To Net: NetName=RX Pin=U1-52
Added Pin To Net: NetName=LCD_DB#4 Pin=U1-53
Added Pin To Net: NetName=LCD_DB#5 Pin=U1-54
Added Pin To Net: NetName=MANUAL_R Pin=U1-55
Added Pin To Net: NetName=CRANK Pin=U1-56
Added Pin To Net: NetName=FLSTART Pin=U1-57
Added Pin To Net: NetName=LCD_DB#6 Pin=U1-59
Added Pin To Net: NetName=LCD_DB#7 Pin=U1-60
Added Pin To Net: NetName=RESET Pin=U1-63
Added Pin To Net: NetName=NetR4_1 Pin=U3-1
Added Pin To Net: NetName=NetR4_2 Pin=U3-2
Added Pin To Net: NetName=NetR24_2 Pin=U3-3
Added Pin To Net: NetName=VCC Pin=U3-4
Added Pin To Net: NetName=NetR62_2 Pin=U3-5
Added Pin To Net: NetName=NetR8_1 Pin=U3-6
Added Pin To Net: NetName=NetR8_2 Pin=U3-7
Added Pin To Net: NetName=NetR16_2 Pin=U3-8
Added Pin To Net: NetName=NetR16_1 Pin=U3-9
Added Pin To Net: NetName=NetR21_1 Pin=U3-10
Added Pin To Net: NetName=GND Pin=U3-11
Added Pin To Net: NetName=GND Pin=U3-12
Added Pin To Net: NetName=NetU3_13 Pin=U3-13
Added Pin To Net: NetName=NetU3_13 Pin=U3-14
Added Pin To Net: NetName=NetU9_1 Pin=U9-1
Added Pin To Net: NetName=NetU9_2 Pin=U9-2
Added Pin To Net: NetName=NetBT1_1 Pin=U9-3
Added Pin To Net: NetName=GND Pin=U9-4
Added Pin To Net: NetName=SDA Pin=U9-5
Added Pin To Net: NetName=SCL Pin=U9-6
Added Pin To Net: NetName=VCC Pin=U9-8
Added Pin To Net: NetName=NetC3_2 Pin=Y1-1
Added Pin To Net: NetName=NetC2_2 Pin=Y1-2
Added Pin To Net: NetName=NetU9_1 Pin=Y2-1
Added Pin To Net: NetName=NetU9_2 Pin=Y2-2
Added Pin To Net: NetName=NetD2_1 Pin=D2-1
Added Pin To Net: NetName=NetD2_1 Pin=R2-2
Added Net: Name=NetD2_1
Added Pin To Net: NetName=NetD3_1 Pin=D3-1
Added Pin To Net: NetName=NetD3_1 Pin=R7-2
Added Net: Name=NetD3_1
Added Pin To Net: NetName=NetD4_1 Pin=D4-1
Added Pin To Net: NetName=NetD4_1 Pin=R9-2
Added Net: Name=NetD4_1
Added Pin To Net: NetName=NetD5_1 Pin=D5-1
Added Pin To Net: NetName=NetD5_1 Pin=R15-2
Added Net: Name=NetD5_1
Added Pin To Net: NetName=NetD6_1 Pin=D6-1
Added Pin To Net: NetName=NetD6_1 Pin=R18-2
Added Net: Name=NetD6_1
Added Pin To Net: NetName=NetD7_1 Pin=D7-1
Added Pin To Net: NetName=NetD7_1 Pin=R22-2
Added Net: Name=NetD7_1
Added Pin To Net: NetName=NetQ1_1 Pin=Q1-1
Added Pin To Net: NetName=NetQ1_1 Pin=R2-1
Added Net: Name=NetQ1_1
Added Pin To Net: NetName=NetQ1_3 Pin=Q1-3
Added Pin To Net: NetName=NetQ1_3 Pin=R11-2
Added Net: Name=NetQ1_3
Added Pin To Net: NetName=NetQ2_1 Pin=Q2-1
Added Pin To Net: NetName=NetQ2_1 Pin=R7-1
Added Net: Name=NetQ2_1
Added Pin To Net: NetName=NetQ2_3 Pin=Q2-3
Added Pin To Net: NetName=NetQ2_3 Pin=R12-2
Added Net: Name=NetQ2_3
Added Pin To Net: NetName=NetQ3_1 Pin=Q3-1
Added Pin To Net: NetName=NetQ3_1 Pin=R9-1
Added Net: Name=NetQ3_1
Added Pin To Net: NetName=NetQ3_3 Pin=Q3-3
Added Pin To Net: NetName=NetQ3_3 Pin=R14-2
Added Net: Name=NetQ3_3
Added Pin To Net: NetName=NetQ4_1 Pin=Q4-1
Added Pin To Net: NetName=NetQ4_1 Pin=R15-1
Added Net: Name=NetQ4_1
Added Pin To Net: NetName=NetQ4_3 Pin=Q4-3
Added Pin To Net: NetName=NetQ4_3 Pin=R17-2
Added Net: Name=NetQ4_3
Added Pin To Net: NetName=NetQ5_1 Pin=Q5-1
Added Pin To Net: NetName=NetQ5_1 Pin=R18-1
Added Net: Name=NetQ5_1
Added Pin To Net: NetName=NetQ5_3 Pin=Q5-3
Added Pin To Net: NetName=NetQ5_3 Pin=R20-2
Added Net: Name=NetQ5_3
Added Pin To Net: NetName=NetQ6_1 Pin=Q6-1
Added Pin To Net: NetName=NetQ6_1 Pin=R22-1
Added Net: Name=NetQ6_1
Added Pin To Net: NetName=NetQ6_3 Pin=Q6-3
Added Pin To Net: NetName=NetQ6_3 Pin=R23-2
Added Net: Name=NetQ6_3
Added Pin To Net: NetName=SWD_CLK Pin=P1-4
Added Pin To Net: NetName=SWD_CLK Pin=U1-62
Added Net: Name=SWD_CLK
Added Pin To Net: NetName=SWD_DIO Pin=P1-2
Added Pin To Net: NetName=SWD_DIO Pin=U1-64
Added Net: Name=SWD_DIO
