Removed Pin From Net: NetName=GND Pin=C1-1
Removed Pin From Net: NetName=GND Pin=C5-1
Removed Pin From Net: NetName=VCC Pin=C5-2
Removed Pin From Net: NetName=GND Pin=C16-1
Removed Pin From Net: NetName=GND Pin=C17-1
Removed Pin From Net: NetName=GND Pin=C18-1
Removed Pin From Net: NetName=GND Pin=C19-1
Removed Pin From Net: NetName=GND Pin=C21-1
Removed Pin From Net: NetName=GND Pin=C22-1
Removed Pin From Net: NetName=LLOPIN Pin=D2-2
Removed Pin From Net: NetName=REMOTIN Pin=D5-2
Removed Pin From Net: NetName=RSTARTIN Pin=D8-2
Removed Pin From Net: NetName=CONT_S_IN Pin=D10-2
Removed Pin From Net: NetName=EMSTPIN Pin=D11-2
Removed Pin From Net: NetName=FLT1IN Pin=D64-2
Removed Pin From Net: NetName=HTIN Pin=D65-2
Removed Pin From Net: NetName=VCC Pin=R7-1
Removed Pin From Net: NetName=VCC Pin=R14-1
Removed Pin From Net: NetName=VCC Pin=R20-1
Removed Pin From Net: NetName=VCC Pin=R23-1
Removed Pin From Net: NetName=VCC Pin=R120-2
Removed Pin From Net: NetName=VCC Pin=R121-2
Removed Pin From Net: NetName=VCC Pin=R122-2
