Removed Pin From Net: NetName=ANALOGIN Pin=MC1-2
Removed Pin From Net: NetName=CONT_SENSE Pin=MC1-3
Removed Pin From Net: NetName=S0 Pin=MC1-4
Removed Pin From Net: NetName=S1 Pin=MC1-5
Removed Pin From Net: NetName=FLSTART Pin=MC1-6
Removed Pin From Net: NetName=S2 Pin=MC1-7
Removed Pin From Net: NetName=S3 Pin=MC1-8
Removed Pin From Net: NetName=LED Pin=MC1-9
Removed Pin From Net: NetName=DGSTOP Pin=MC1-10
Removed Pin From Net: NetName=VCC Pin=MC1-11
Removed Pin From Net: NetName=GND Pin=MC1-12
Removed Pin From Net: NetName=NetC2_2 Pin=MC1-13
Removed Pin From Net: NetName=NetC3_2 Pin=MC1-14
Removed Pin From Net: NetName=MANUAL_R Pin=MC1-15
Removed Pin From Net: NetName=FREQ Pin=MC1-16
Removed Pin From Net: NetName=CRANK Pin=MC1-17
Removed Pin From Net: NetName=SCL Pin=MC1-18
Removed Pin From Net: NetName=PREHEATER Pin=MC1-19
Removed Pin From Net: NetName=BUZZER Pin=MC1-20
Removed Pin From Net: NetName=GCONTACT Pin=MC1-21
Removed Pin From Net: NetName=MCONTACT Pin=MC1-22
Removed Pin From Net: NetName=SDA Pin=MC1-23
Removed Pin From Net: NetName=RC6 Pin=MC1-25
Removed Pin From Net: NetName=RC7 Pin=MC1-26
Removed Pin From Net: NetName=FAULTIND Pin=MC1-27
Removed Pin From Net: NetName=LCD_DB#7 Pin=MC1-28
Removed Pin From Net: NetName=LCD_DB#6 Pin=MC1-29
Removed Pin From Net: NetName=LCD_DB#5 Pin=MC1-30
Removed Pin From Net: NetName=GND Pin=MC1-31
Removed Pin From Net: NetName=VCC Pin=MC1-32
Removed Pin From Net: NetName=RESET Pin=MC1-33
Removed Pin From Net: NetName=LCD_DB#4 Pin=MC1-34
Removed Pin From Net: NetName=LCD_E# Pin=MC1-35
Removed Pin From Net: NetName=LCD_RS# Pin=MC1-36
Removed Pin From Net: NetName=MENU Pin=MC1-37
Removed Pin From Net: NetName=DOWN Pin=MC1-38
Removed Pin From Net: NetName=UP Pin=MC1-39
Removed Pin From Net: NetName=AUTO Pin=MC1-40
