Removed Pin From Net: NetName=VCC Pin=Q1-2
Removed Pin From Net: NetName=FLT1 Pin=Q1-3
Removed Pin From Net: NetName=VCC Pin=Q2-2
Removed Pin From Net: NetName=FLDIR Pin=Q2-3
Removed Pin From Net: NetName=VCC Pin=Q3-2
Removed Pin From Net: NetName=REMOT Pin=Q3-3
Removed Pin From Net: NetName=VCC Pin=Q5-2
Removed Pin From Net: NetName=LLOP Pin=Q5-3
Removed Pin From Net: NetName=VCC Pin=Q6-2
Removed Pin From Net: NetName=EMSTP Pin=Q6-3
Removed Pin From Net: NetName=GND Pin=R11-1
Removed Pin From Net: NetName=FLT1 Pin=R11-2
Removed Pin From Net: NetName=GND Pin=R12-1
Removed Pin From Net: NetName=FLDIR Pin=R12-2
Removed Pin From Net: NetName=GND Pin=R14-1
Removed Pin From Net: NetName=REMOT Pin=R14-2
Removed Pin From Net: NetName=GND Pin=R20-1
Removed Pin From Net: NetName=LLOP Pin=R20-2
Removed Pin From Net: NetName=GND Pin=R23-1
Removed Pin From Net: NetName=EMSTP Pin=R23-2
