Removed Pin From Net: NetName=ANALOGIN Pin=U2-1
Removed Pin From Net: NetName=EB-B_ Pin=U2-2
Removed Pin From Net: NetName=EB-Y_ Pin=U2-3
Removed Pin From Net: NetName=EB-R_ Pin=U2-4
Removed Pin From Net: NetName=DG-B_ Pin=U2-5
Removed Pin From Net: NetName=DG-Y_ Pin=U2-6
Removed Pin From Net: NetName=DG-R_ Pin=U2-7
Removed Pin From Net: NetName=FLT1 Pin=U2-8
Removed Pin From Net: NetName=HT Pin=U2-9
Removed Pin From Net: NetName=GND Pin=U2-12
Removed Pin From Net: NetName=GND Pin=U2-15
Removed Pin From Net: NetName=FLDIR Pin=U2-16
Removed Pin From Net: NetName=BTSBATT Pin=U2-17
Removed Pin From Net: NetName=FLG Pin=U2-18
Removed Pin From Net: NetName=BAT Pin=U2-19
Removed Pin From Net: NetName=EMSTP Pin=U2-20
Removed Pin From Net: NetName=REMOT Pin=U2-21
Removed Pin From Net: NetName=LLOP Pin=U2-22
Removed Pin From Net: NetName=RSTART Pin=U2-23
Removed Pin From Net: NetName=VCC Pin=U2-24
